-------------------------------------------------------------------------------
Test set: com.example.demo.BookmaniaApplicationTests
-------------------------------------------------------------------------------
Tests run: 1, Failures: 0, Errors: 1, Skipped: 0, Time elapsed: 0.497 s <<< FAILURE! - in com.example.demo.BookmaniaApplicationTests
com.example.demo.BookmaniaApplicationTests  Time elapsed: 0.488 s  <<< ERROR!
java.lang.IllegalStateException: Unable to find a @SpringBootConfiguration, you need to use @ContextConfiguration or @SpringBootTest(classes=...) with your test

